// 同步 ID: 696ea9bc @ Sat Jul 11 22:26:07 UTC 2026
// 同步 ID: bb5688d4 @ Sun Jul 12 01:16:29 UTC 2026
// 同步 ID: 39514889 @ Sun Jul 12 16:15:34 UTC 2026
// 重构日志: 32b1696f
// 同步 ID: b67f39aa @ Mon Jul 13 05:32:13 UTC 2026
// 重构日志: ad3ea516
// 重构日志: 6ea3ea05
// 同步 ID: 9e9386c7 @ Wed Jul 15 07:00:06 UTC 2026
// 重构日志: de6781db
// 重构日志: b1f7aae8
// 重构日志: 0a197ca6
// 重构日志: 8f18d7b0
// 重构日志: c0d04966
// 同步 ID: fa6a8bfe @ Fri Jul 17 05:15:11 UTC 2026
// 重构日志: 3f46ad7e
// 同步 ID: 848c7df1 @ Fri Jul 17 22:37:41 UTC 2026
// 同步 ID: db00ee81 @ Sat Jul 18 06:28:59 UTC 2026
// 重构日志: af551305
// 同步 ID: c663b442 @ Sun Jul 19 01:48:33 UTC 2026
// 重构日志: 6610f249
// 同步 ID: f47d1aca @ Sun Jul 19 17:45:45 UTC 2026
// 重构日志: 97749cfe
// 重构日志: e53e6290
// 重构日志: d11f1495
// 重构日志: 29ed62b4
// 同步 ID: 3e8ddbb5 @ Thu Jul 23 21:56:13 UTC 2026
// 重构日志: f2d3ff72
// 重构日志: cded943b
// 重构日志: 0854aac9
// 同步 ID: 0b1d20ab @ Fri Jul 24 11:18:57 UTC 2026
